<?xml version="1.0" ?>
<coverage version="7.5.1" timestamp="1716000000000" lines-valid="210" lines-covered="52" line-rate="0.2476" branches-covered="0" branches-valid="0" branch-rate="0" complexity="0">
  <sources><source>scores_app</source></sources>
  <packages>
    <package name="scores_app" line-rate="0.2476" branch-rate="0" complexity="0">
      <classes>
        <class name="processor.py" filename="processor.py" line-rate="0.38" branch-rate="0"><methods/><lines>
          <line number="1" hits="1"/><line number="2" hits="1"/><line number="3" hits="1"/><line number="9" hits="0"/><line number="16" hits="0"/><line number="22" hits="0"/><line number="26" hits="0"/><line number="34" hits="1"/><line number="35" hits="1"/><line number="36" hits="1"/><line number="37" hits="1"/><line number="45" hits="1"/><line number="54" hits="0"/><line number="65" hits="1"/><line number="66" hits="1"/><line number="67" hits="1"/><line number="84" hits="0"/><line number="107" hits="0"/><line number="113" hits="0"/><line number="121" hits="0"/>
        </lines></class>
        <class name="reports.py" filename="reports.py" line-rate="0.12" branch-rate="0"><methods/><lines><line number="1" hits="1"/><line number="4" hits="0"/><line number="10" hits="0"/><line number="17" hits="0"/><line number="24" hits="0"/><line number="32" hits="0"/><line number="42" hits="0"/><line number="52" hits="0"/></lines></class>
        <class name="api.py" filename="api.py" line-rate="0.08" branch-rate="0"><methods/><lines><line number="1" hits="1"/><line number="5" hits="0"/><line number="15" hits="0"/><line number="24" hits="0"/><line number="31" hits="0"/></lines></class>
        <class name="legacy.py" filename="legacy.py" line-rate="0.0" branch-rate="0"><methods/><lines><line number="3" hits="0"/><line number="18" hits="0"/><line number="33" hits="0"/></lines></class>
      </classes>
    </package>
  </packages>
</coverage>
